{"/Users/a.deepikaharine/smart-healthcare-devops/services/backend/index.js": {"path":"/Users/a.deepikaharine/smart-healthcare-devops/services/backend/index.js","statementMap":{"0":{"start":{"line":1,"column":0},"end":{"line":1,"column":27}},"1":{"start":{"line":2,"column":16},"end":{"line":2,"column":34}},"2":{"start":{"line":3,"column":12},"end":{"line":3,"column":21}},"3":{"start":{"line":4,"column":0},"end":{"line":4,"column":24}},"4":{"start":{"line":6,"column":13},"end":{"line":6,"column":37}},"5":{"start":{"line":8,"column":19},"end":{"line":8,"column":21}},"6":{"start":{"line":10,"column":0},"end":{"line":10,"column":61}},"7":{"start":{"line":10,"column":33},"end":{"line":10,"column":59}},"8":{"start":{"line":12,"column":0},"end":{"line":12,"column":63}},"9":{"start":{"line":12,"column":39},"end":{"line":12,"column":61}},"10":{"start":{"line":14,"column":0},"end":{"line":21,"column":3}},"11":{"start":{"line":15,"column":32},"end":{"line":15,"column":40}},"12":{"start":{"line":16,"column":2},"end":{"line":16,"column":100}},"13":{"start":{"line":16,"column":28},"end":{"line":16,"column":100}},"14":{"start":{"line":17,"column":13},"end":{"line":17,"column":36}},"15":{"start":{"line":18,"column":22},"end":{"line":18,"column":65}},"16":{"start":{"line":19,"column":2},"end":{"line":19,"column":33}},"17":{"start":{"line":20,"column":2},"end":{"line":20,"column":36}},"18":{"start":{"line":23,"column":0},"end":{"line":27,"column":3}},"19":{"start":{"line":24,"column":13},"end":{"line":24,"column":34}},"20":{"start":{"line":25,"column":2},"end":{"line":25,"column":55}},"21":{"start":{"line":25,"column":42},"end":{"line":25,"column":53}},"22":{"start":{"line":26,"column":2},"end":{"line":26,"column":25}},"23":{"start":{"line":29,"column":0},"end":{"line":33,"column":1}},"24":{"start":{"line":30,"column":2},"end":{"line":30,"column":70}},"25":{"start":{"line":30,"column":25},"end":{"line":30,"column":68}},"26":{"start":{"line":32,"column":2},"end":{"line":32,"column":23}}},"fnMap":{"0":{"name":"(anonymous_0)","decl":{"start":{"line":10,"column":19},"end":{"line":10,"column":20}},"loc":{"start":{"line":10,"column":33},"end":{"line":10,"column":59}},"line":10},"1":{"name":"(anonymous_1)","decl":{"start":{"line":12,"column":25},"end":{"line":12,"column":26}},"loc":{"start":{"line":12,"column":39},"end":{"line":12,"column":61}},"line":12},"2":{"name":"(anonymous_2)","decl":{"start":{"line":14,"column":26},"end":{"line":14,"column":27}},"loc":{"start":{"line":14,"column":40},"end":{"line":21,"column":1}},"line":14},"3":{"name":"(anonymous_3)","decl":{"start":{"line":23,"column":32},"end":{"line":23,"column":33}},"loc":{"start":{"line":23,"column":45},"end":{"line":27,"column":1}},"line":23},"4":{"name":"(anonymous_4)","decl":{"start":{"line":25,"column":37},"end":{"line":25,"column":38}},"loc":{"start":{"line":25,"column":42},"end":{"line":25,"column":53}},"line":25},"5":{"name":"(anonymous_5)","decl":{"start":{"line":30,"column":19},"end":{"line":30,"column":20}},"loc":{"start":{"line":30,"column":25},"end":{"line":30,"column":68}},"line":30}},"branchMap":{"0":{"loc":{"start":{"line":6,"column":13},"end":{"line":6,"column":37}},"type":"binary-expr","locations":[{"start":{"line":6,"column":13},"end":{"line":6,"column":29}},{"start":{"line":6,"column":33},"end":{"line":6,"column":37}}],"line":6},"1":{"loc":{"start":{"line":16,"column":2},"end":{"line":16,"column":100}},"type":"if","locations":[{"start":{"line":16,"column":2},"end":{"line":16,"column":100}},{"start":{},"end":{}}],"line":16},"2":{"loc":{"start":{"line":16,"column":5},"end":{"line":16,"column":26}},"type":"binary-expr","locations":[{"start":{"line":16,"column":5},"end":{"line":16,"column":17}},{"start":{"line":16,"column":21},"end":{"line":16,"column":26}}],"line":16},"3":{"loc":{"start":{"line":29,"column":0},"end":{"line":33,"column":1}},"type":"if","locations":[{"start":{"line":29,"column":0},"end":{"line":33,"column":1}},{"start":{"line":31,"column":7},"end":{"line":33,"column":1}}],"line":29}},"s":{"0":1,"1":1,"2":1,"3":1,"4":1,"5":1,"6":1,"7":1,"8":1,"9":1,"10":1,"11":1,"12":1,"13":0,"14":1,"15":1,"16":1,"17":1,"18":1,"19":0,"20":0,"21":0,"22":0,"23":1,"24":0,"25":0,"26":1},"f":{"0":1,"1":1,"2":1,"3":0,"4":0,"5":0},"b":{"0":[1,1],"1":[0,1],"2":[1,1],"3":[0,1]},"_coverageSchema":"1a1c01bbd47fc00a2c39e90264f33305004495a9","hash":"f74cafc2440e4ca1cad71409b6ac2b033fd8eae9"}
}
